{"total": {"lines":{"total":517,"covered":193,"skipped":0,"pct":37.33},"statements":{"total":582,"covered":210,"skipped":0,"pct":36.08},"functions":{"total":183,"covered":75,"skipped":0,"pct":40.98},"branches":{"total":332,"covered":86,"skipped":0,"pct":25.9},"branchesTrue":{"total":0,"covered":0,"skipped":0,"pct":100}}
,"/Users/akashkumar.panchal/workspace/drafts/vibeframes/src/components/landing/engineering-behind-it.tsx": {"lines":{"total":21,"covered":21,"skipped":0,"pct":100},"functions":{"total":15,"covered":15,"skipped":0,"pct":100},"statements":{"total":21,"covered":21,"skipped":0,"pct":100},"branches":{"total":4,"covered":4,"skipped":0,"pct":100}}
,"/Users/akashkumar.panchal/workspace/drafts/vibeframes/src/components/landing/hero.tsx": {"lines":{"total":3,"covered":0,"skipped":0,"pct":0},"functions":{"total":1,"covered":0,"skipped":0,"pct":0},"statements":{"total":3,"covered":0,"skipped":0,"pct":0},"branches":{"total":2,"covered":0,"skipped":0,"pct":0}}
,"/Users/akashkumar.panchal/workspace/drafts/vibeframes/src/components/landing/how-it-works.tsx": {"lines":{"total":38,"covered":32,"skipped":0,"pct":84.21},"functions":{"total":22,"covered":10,"skipped":0,"pct":45.45},"statements":{"total":47,"covered":32,"skipped":0,"pct":68.08},"branches":{"total":10,"covered":4,"skipped":0,"pct":40}}
,"/Users/akashkumar.panchal/workspace/drafts/vibeframes/src/components/landing/tech-logos.tsx": {"lines":{"total":4,"covered":4,"skipped":0,"pct":100},"functions":{"total":4,"covered":4,"skipped":0,"pct":100},"statements":{"total":4,"covered":4,"skipped":0,"pct":100},"branches":{"total":0,"covered":0,"skipped":0,"pct":100}}
,"/Users/akashkumar.panchal/workspace/drafts/vibeframes/src/components/landing/tech-stack.tsx": {"lines":{"total":3,"covered":3,"skipped":0,"pct":100},"functions":{"total":2,"covered":2,"skipped":0,"pct":100},"statements":{"total":3,"covered":3,"skipped":0,"pct":100},"branches":{"total":0,"covered":0,"skipped":0,"pct":100}}
,"/Users/akashkumar.panchal/workspace/drafts/vibeframes/src/components/layout/footer.tsx": {"lines":{"total":3,"covered":3,"skipped":0,"pct":100},"functions":{"total":2,"covered":2,"skipped":0,"pct":100},"statements":{"total":3,"covered":3,"skipped":0,"pct":100},"branches":{"total":0,"covered":0,"skipped":0,"pct":100}}
,"/Users/akashkumar.panchal/workspace/drafts/vibeframes/src/components/layout/topbar.tsx": {"lines":{"total":1,"covered":1,"skipped":0,"pct":100},"functions":{"total":1,"covered":1,"skipped":0,"pct":100},"statements":{"total":1,"covered":1,"skipped":0,"pct":100},"branches":{"total":0,"covered":0,"skipped":0,"pct":100}}
,"/Users/akashkumar.panchal/workspace/drafts/vibeframes/src/components/studio/chat-message.tsx": {"lines":{"total":27,"covered":3,"skipped":0,"pct":11.11},"functions":{"total":6,"covered":1,"skipped":0,"pct":16.66},"statements":{"total":27,"covered":3,"skipped":0,"pct":11.11},"branches":{"total":48,"covered":9,"skipped":0,"pct":18.75}}
,"/Users/akashkumar.panchal/workspace/drafts/vibeframes/src/components/studio/chat-panel.tsx": {"lines":{"total":14,"covered":0,"skipped":0,"pct":0},"functions":{"total":7,"covered":0,"skipped":0,"pct":0},"statements":{"total":14,"covered":0,"skipped":0,"pct":0},"branches":{"total":17,"covered":0,"skipped":0,"pct":0}}
,"/Users/akashkumar.panchal/workspace/drafts/vibeframes/src/components/studio/code-panel.tsx": {"lines":{"total":33,"covered":32,"skipped":0,"pct":96.96},"functions":{"total":10,"covered":9,"skipped":0,"pct":90},"statements":{"total":38,"covered":33,"skipped":0,"pct":86.84},"branches":{"total":21,"covered":14,"skipped":0,"pct":66.66}}
,"/Users/akashkumar.panchal/workspace/drafts/vibeframes/src/components/studio/ephemeral-status.tsx": {"lines":{"total":40,"covered":0,"skipped":0,"pct":0},"functions":{"total":10,"covered":0,"skipped":0,"pct":0},"statements":{"total":51,"covered":0,"skipped":0,"pct":0},"branches":{"total":32,"covered":0,"skipped":0,"pct":0}}
,"/Users/akashkumar.panchal/workspace/drafts/vibeframes/src/components/studio/preview-panel.tsx": {"lines":{"total":4,"covered":4,"skipped":0,"pct":100},"functions":{"total":3,"covered":3,"skipped":0,"pct":100},"statements":{"total":4,"covered":4,"skipped":0,"pct":100},"branches":{"total":8,"covered":7,"skipped":0,"pct":87.5}}
,"/Users/akashkumar.panchal/workspace/drafts/vibeframes/src/components/studio/studio-statusbar.tsx": {"lines":{"total":14,"covered":0,"skipped":0,"pct":0},"functions":{"total":3,"covered":0,"skipped":0,"pct":0},"statements":{"total":14,"covered":0,"skipped":0,"pct":0},"branches":{"total":16,"covered":0,"skipped":0,"pct":0}}
,"/Users/akashkumar.panchal/workspace/drafts/vibeframes/src/components/studio/studio-topbar.tsx": {"lines":{"total":1,"covered":1,"skipped":0,"pct":100},"functions":{"total":1,"covered":1,"skipped":0,"pct":100},"statements":{"total":1,"covered":1,"skipped":0,"pct":100},"branches":{"total":7,"covered":5,"skipped":0,"pct":71.42}}
,"/Users/akashkumar.panchal/workspace/drafts/vibeframes/src/components/studio/timeline-strip.tsx": {"lines":{"total":17,"covered":2,"skipped":0,"pct":11.76},"functions":{"total":5,"covered":0,"skipped":0,"pct":0},"statements":{"total":19,"covered":2,"skipped":0,"pct":10.52},"branches":{"total":6,"covered":0,"skipped":0,"pct":0}}
,"/Users/akashkumar.panchal/workspace/drafts/vibeframes/src/harness/composition-store.ts": {"lines":{"total":38,"covered":33,"skipped":0,"pct":86.84},"functions":{"total":9,"covered":7,"skipped":0,"pct":77.77},"statements":{"total":46,"covered":40,"skipped":0,"pct":86.95},"branches":{"total":20,"covered":17,"skipped":0,"pct":85}}
,"/Users/akashkumar.panchal/workspace/drafts/vibeframes/src/harness/config.ts": {"lines":{"total":1,"covered":1,"skipped":0,"pct":100},"functions":{"total":0,"covered":0,"skipped":0,"pct":100},"statements":{"total":1,"covered":1,"skipped":0,"pct":100},"branches":{"total":2,"covered":2,"skipped":0,"pct":100}}
,"/Users/akashkumar.panchal/workspace/drafts/vibeframes/src/harness/mode.ts": {"lines":{"total":2,"covered":0,"skipped":0,"pct":0},"functions":{"total":2,"covered":0,"skipped":0,"pct":0},"statements":{"total":2,"covered":0,"skipped":0,"pct":0},"branches":{"total":2,"covered":0,"skipped":0,"pct":0}}
,"/Users/akashkumar.panchal/workspace/drafts/vibeframes/src/harness/mutations.ts": {"lines":{"total":39,"covered":39,"skipped":0,"pct":100},"functions":{"total":16,"covered":16,"skipped":0,"pct":100},"statements":{"total":49,"covered":48,"skipped":0,"pct":97.95},"branches":{"total":26,"covered":24,"skipped":0,"pct":92.3}}
,"/Users/akashkumar.panchal/workspace/drafts/vibeframes/src/harness/serialize.ts": {"lines":{"total":6,"covered":6,"skipped":0,"pct":100},"functions":{"total":3,"covered":3,"skipped":0,"pct":100},"statements":{"total":6,"covered":6,"skipped":0,"pct":100},"branches":{"total":0,"covered":0,"skipped":0,"pct":100}}
,"/Users/akashkumar.panchal/workspace/drafts/vibeframes/src/harness/state.ts": {"lines":{"total":2,"covered":0,"skipped":0,"pct":0},"functions":{"total":1,"covered":0,"skipped":0,"pct":0},"statements":{"total":2,"covered":0,"skipped":0,"pct":0},"branches":{"total":1,"covered":0,"skipped":0,"pct":0}}
,"/Users/akashkumar.panchal/workspace/drafts/vibeframes/src/harness/storage.ts": {"lines":{"total":11,"covered":0,"skipped":0,"pct":0},"functions":{"total":3,"covered":0,"skipped":0,"pct":0},"statements":{"total":11,"covered":0,"skipped":0,"pct":0},"branches":{"total":8,"covered":0,"skipped":0,"pct":0}}
,"/Users/akashkumar.panchal/workspace/drafts/vibeframes/src/harness/store.ts": {"lines":{"total":0,"covered":0,"skipped":0,"pct":0},"functions":{"total":0,"covered":0,"skipped":0,"pct":0},"statements":{"total":0,"covered":0,"skipped":0,"pct":0},"branches":{"total":0,"covered":0,"skipped":0,"pct":0}}
,"/Users/akashkumar.panchal/workspace/drafts/vibeframes/src/harness/types.ts": {"lines":{"total":6,"covered":6,"skipped":0,"pct":100},"functions":{"total":0,"covered":0,"skipped":0,"pct":100},"statements":{"total":6,"covered":6,"skipped":0,"pct":100},"branches":{"total":0,"covered":0,"skipped":0,"pct":100}}
,"/Users/akashkumar.panchal/workspace/drafts/vibeframes/src/harness/use-composition.ts": {"lines":{"total":38,"covered":0,"skipped":0,"pct":0},"functions":{"total":5,"covered":0,"skipped":0,"pct":0},"statements":{"total":41,"covered":0,"skipped":0,"pct":0},"branches":{"total":30,"covered":0,"skipped":0,"pct":0}}
,"/Users/akashkumar.panchal/workspace/drafts/vibeframes/src/harness/use-harness-chat.ts": {"lines":{"total":88,"covered":0,"skipped":0,"pct":0},"functions":{"total":15,"covered":0,"skipped":0,"pct":0},"statements":{"total":101,"covered":0,"skipped":0,"pct":0},"branches":{"total":58,"covered":0,"skipped":0,"pct":0}}
,"/Users/akashkumar.panchal/workspace/drafts/vibeframes/src/harness/prompts/composer.ts": {"lines":{"total":1,"covered":0,"skipped":0,"pct":0},"functions":{"total":1,"covered":0,"skipped":0,"pct":0},"statements":{"total":1,"covered":0,"skipped":0,"pct":0},"branches":{"total":0,"covered":0,"skipped":0,"pct":100}}
,"/Users/akashkumar.panchal/workspace/drafts/vibeframes/src/harness/services/clip-registry.service.ts": {"lines":{"total":3,"covered":0,"skipped":0,"pct":0},"functions":{"total":2,"covered":0,"skipped":0,"pct":0},"statements":{"total":3,"covered":0,"skipped":0,"pct":0},"branches":{"total":0,"covered":0,"skipped":0,"pct":100}}
,"/Users/akashkumar.panchal/workspace/drafts/vibeframes/src/harness/services/types.ts": {"lines":{"total":0,"covered":0,"skipped":0,"pct":0},"functions":{"total":0,"covered":0,"skipped":0,"pct":0},"statements":{"total":0,"covered":0,"skipped":0,"pct":0},"branches":{"total":0,"covered":0,"skipped":0,"pct":0}}
,"/Users/akashkumar.panchal/workspace/drafts/vibeframes/src/harness/tools/add-clip.ts": {"lines":{"total":15,"covered":0,"skipped":0,"pct":0},"functions":{"total":9,"covered":0,"skipped":0,"pct":0},"statements":{"total":18,"covered":0,"skipped":0,"pct":0},"branches":{"total":10,"covered":0,"skipped":0,"pct":0}}
,"/Users/akashkumar.panchal/workspace/drafts/vibeframes/src/harness/tools/get-block-schemas.ts": {"lines":{"total":3,"covered":0,"skipped":0,"pct":0},"functions":{"total":2,"covered":0,"skipped":0,"pct":0},"statements":{"total":3,"covered":0,"skipped":0,"pct":0},"branches":{"total":0,"covered":0,"skipped":0,"pct":100}}
,"/Users/akashkumar.panchal/workspace/drafts/vibeframes/src/harness/tools/get-composition.ts": {"lines":{"total":9,"covered":0,"skipped":0,"pct":0},"functions":{"total":8,"covered":0,"skipped":0,"pct":0},"statements":{"total":10,"covered":0,"skipped":0,"pct":0},"branches":{"total":0,"covered":0,"skipped":0,"pct":100}}
,"/Users/akashkumar.panchal/workspace/drafts/vibeframes/src/harness/tools/remove-clip.ts": {"lines":{"total":6,"covered":0,"skipped":0,"pct":0},"functions":{"total":3,"covered":0,"skipped":0,"pct":0},"statements":{"total":6,"covered":0,"skipped":0,"pct":0},"branches":{"total":0,"covered":0,"skipped":0,"pct":100}}
,"/Users/akashkumar.panchal/workspace/drafts/vibeframes/src/harness/tools/update-clip.ts": {"lines":{"total":5,"covered":0,"skipped":0,"pct":0},"functions":{"total":2,"covered":0,"skipped":0,"pct":0},"statements":{"total":5,"covered":0,"skipped":0,"pct":0},"branches":{"total":0,"covered":0,"skipped":0,"pct":100}}
,"/Users/akashkumar.panchal/workspace/drafts/vibeframes/src/lib/tool-labels.ts": {"lines":{"total":5,"covered":1,"skipped":0,"pct":20},"functions":{"total":4,"covered":0,"skipped":0,"pct":0},"statements":{"total":5,"covered":1,"skipped":0,"pct":20},"branches":{"total":4,"covered":0,"skipped":0,"pct":0}}
,"/Users/akashkumar.panchal/workspace/drafts/vibeframes/src/lib/utils.ts": {"lines":{"total":1,"covered":1,"skipped":0,"pct":100},"functions":{"total":1,"covered":1,"skipped":0,"pct":100},"statements":{"total":1,"covered":1,"skipped":0,"pct":100},"branches":{"total":0,"covered":0,"skipped":0,"pct":100}}
,"/Users/akashkumar.panchal/workspace/drafts/vibeframes/src/protocol/events.ts": {"lines":{"total":0,"covered":0,"skipped":0,"pct":0},"functions":{"total":0,"covered":0,"skipped":0,"pct":0},"statements":{"total":0,"covered":0,"skipped":0,"pct":0},"branches":{"total":0,"covered":0,"skipped":0,"pct":0}}
,"/Users/akashkumar.panchal/workspace/drafts/vibeframes/src/protocol/sse-writer.ts": {"lines":{"total":15,"covered":0,"skipped":0,"pct":0},"functions":{"total":5,"covered":0,"skipped":0,"pct":0},"statements":{"total":15,"covered":0,"skipped":0,"pct":0},"branches":{"total":0,"covered":0,"skipped":0,"pct":100}}
}
