TN:
SF:src/components/landing/engineering-behind-it.tsx
FN:26,EngineeringBehindIt
FN:59,Diorama
FN:140,Ghost
FN:179,DirectorModeGhost
FN:192,(anonymous_4)
FN:219,CompositionGhost
FN:241,SseGhost
FN:252,(anonymous_7)
FN:262,SkillGhost
FN:278,ConstructsGhost
FN:288,(anonymous_10)
FN:305,StorageGhost
FN:321,(anonymous_12)
FN:340,FocalChat
FN:418,ToolCallRow
FNF:15
FNH:15
FNDA:2,EngineeringBehindIt
FNDA:2,Diorama
FNDA:12,Ghost
FNDA:2,DirectorModeGhost
FNDA:6,(anonymous_4)
FNDA:2,CompositionGhost
FNDA:2,SseGhost
FNDA:12,(anonymous_7)
FNDA:2,SkillGhost
FNDA:2,ConstructsGhost
FNDA:10,(anonymous_10)
FNDA:2,StorageGhost
FNDA:8,(anonymous_12)
FNDA:2,FocalChat
FNDA:4,ToolCallRow
DA:1,1
DA:27,2
DA:60,2
DA:151,12
DA:180,2
DA:185,2
DA:193,6
DA:220,2
DA:242,2
DA:250,2
DA:253,12
DA:263,2
DA:279,2
DA:286,2
DA:289,10
DA:290,10
DA:306,2
DA:312,2
DA:322,8
DA:341,2
DA:429,4
LF:21
LH:21
BRDA:196,0,0,2
BRDA:196,0,1,4
BRDA:203,1,0,2
BRDA:203,1,1,4
BRF:4
BRH:4
end_of_record
TN:
SF:src/components/landing/hero.tsx
FN:11,Hero
FNF:1
FNH:0
FNDA:0,Hero
DA:1,0
DA:12,0
DA:14,0
LF:3
LH:0
BRDA:101,0,0,0
BRDA:101,0,1,0
BRF:2
BRH:0
end_of_record
TN:
SF:src/components/landing/how-it-works.tsx
FN:22,HowItWorks
FN:125,StepCard
FN:182,DescribeMock
FN:187,(anonymous_3)
FN:189,(anonymous_4)
FN:189,(anonymous_5)
FN:190,(anonymous_6)
FN:192,(anonymous_7)
FN:194,(anonymous_8)
FN:196,(anonymous_9)
FN:229,ComposeMock
FN:232,(anonymous_11)
FN:233,(anonymous_12)
FN:235,(anonymous_13)
FN:239,(anonymous_14)
FN:244,(anonymous_15)
FN:287,PreviewMock
FN:290,(anonymous_17)
FN:291,(anonymous_18)
FN:292,(anonymous_19)
FN:294,(anonymous_20)
FN:362,PreviewTimeline
FNF:22
FNH:10
FNDA:3,HowItWorks
FNDA:9,StepCard
FNDA:3,DescribeMock
FNDA:3,(anonymous_3)
FNDA:0,(anonymous_4)
FNDA:0,(anonymous_5)
FNDA:0,(anonymous_6)
FNDA:0,(anonymous_7)
FNDA:0,(anonymous_8)
FNDA:0,(anonymous_9)
FNDA:3,ComposeMock
FNDA:3,(anonymous_11)
FNDA:0,(anonymous_12)
FNDA:0,(anonymous_13)
FNDA:0,(anonymous_14)
FNDA:9,(anonymous_15)
FNDA:3,PreviewMock
FNDA:3,(anonymous_17)
FNDA:0,(anonymous_18)
FNDA:0,(anonymous_19)
FNDA:0,(anonymous_20)
FNDA:3,PreviewTimeline
DA:1,1
DA:23,3
DA:84,1
DA:134,9
DA:135,9
DA:176,1
DA:183,3
DA:184,3
DA:185,3
DA:187,3
DA:188,3
DA:189,3
DA:190,3
DA:192,0
DA:193,0
DA:194,0
DA:196,0
DA:199,3
DA:223,1
DA:230,3
DA:232,3
DA:233,3
DA:235,0
DA:239,3
DA:242,3
DA:245,9
DA:281,1
DA:288,3
DA:290,3
DA:291,3
DA:292,0
DA:294,3
DA:296,3
DA:298,3
DA:367,3
DA:368,3
DA:369,3
DA:371,3
LF:38
LH:32
BRDA:188,0,0,3
BRDA:188,0,1,0
BRDA:235,1,0,0
BRDA:235,1,1,0
BRDA:237,2,0,0
BRDA:237,2,1,3
BRDA:248,3,0,0
BRDA:248,3,1,9
BRDA:251,4,0,0
BRDA:251,4,1,9
BRF:10
BRH:4
end_of_record
TN:
SF:src/components/landing/tech-logos.tsx
FN:38,MagicUiLogo
FN:42,MastraLogo
FN:46,HyperFramesLogo
FN:53,OpenAiLogo
FNF:4
FNH:4
FNDA:2,MagicUiLogo
FNDA:2,MastraLogo
FNDA:2,HyperFramesLogo
FNDA:2,OpenAiLogo
DA:39,2
DA:43,2
DA:47,2
DA:54,2
LF:4
LH:4
BRF:0
BRH:0
end_of_record
TN:
SF:src/components/landing/tech-stack.tsx
FN:45,TechStack
FN:59,(anonymous_1)
FNF:2
FNH:2
FNDA:2,TechStack
FNDA:24,(anonymous_1)
DA:30,1
DA:46,2
DA:60,24
LF:3
LH:3
BRF:0
BRH:0
end_of_record
TN:
SF:src/components/layout/footer.tsx
FN:7,Footer
FN:13,(anonymous_1)
FNF:2
FNH:2
FNDA:2,Footer
FNDA:6,(anonymous_1)
DA:1,1
DA:8,2
DA:14,6
LF:3
LH:3
BRF:0
BRH:0
end_of_record
TN:
SF:src/components/layout/topbar.tsx
FN:5,Topbar
FNF:1
FNH:1
FNDA:3,Topbar
DA:6,3
LF:1
LH:1
BRF:0
BRH:0
end_of_record
TN:
SF:src/components/studio/chat-message.tsx
FN:10,ChatMessage
FN:36,ActivityStream
FN:39,(anonymous_2)
FN:46,ActivityItem
FN:98,StatusBadge
FN:120,ToolResultSummary
FNF:6
FNH:1
FNDA:4,ChatMessage
FNDA:0,ActivityStream
FNDA:0,(anonymous_2)
FNDA:0,ActivityItem
FNDA:0,StatusBadge
FNDA:0,ToolResultSummary
DA:11,4
DA:12,4
DA:14,4
DA:37,0
DA:40,0
DA:47,0
DA:48,0
DA:49,0
DA:50,0
DA:52,0
DA:99,0
DA:100,0
DA:106,0
DA:107,0
DA:113,0
DA:121,0
DA:123,0
DA:124,0
DA:132,0
DA:133,0
DA:141,0
DA:142,0
DA:149,0
DA:150,0
DA:157,0
DA:158,0
DA:165,0
LF:27
LH:3
BRDA:15,0,0,2
BRDA:15,0,1,2
BRDA:17,1,0,2
BRDA:17,1,1,2
BRDA:19,2,0,4
BRDA:19,2,1,4
BRDA:23,3,0,2
BRDA:23,3,1,2
BRDA:31,4,0,4
BRDA:31,4,1,0
BRDA:57,5,0,0
BRDA:57,5,1,0
BRDA:61,6,0,0
BRDA:61,6,1,0
BRDA:66,7,0,0
BRDA:66,7,1,0
BRDA:68,8,0,0
BRDA:68,8,1,0
BRDA:73,9,0,0
BRDA:73,9,1,0
BRDA:83,10,0,0
BRDA:83,10,1,0
BRDA:86,11,0,0
BRDA:86,11,1,0
BRDA:89,12,0,0
BRDA:89,12,1,0
BRDA:99,13,0,0
BRDA:99,13,1,0
BRDA:106,14,0,0
BRDA:106,14,1,0
BRDA:123,15,0,0
BRDA:123,15,1,0
BRDA:123,16,0,0
BRDA:123,16,1,0
BRDA:132,17,0,0
BRDA:132,17,1,0
BRDA:132,18,0,0
BRDA:132,18,1,0
BRDA:141,19,0,0
BRDA:141,19,1,0
BRDA:141,20,0,0
BRDA:141,20,1,0
BRDA:149,21,0,0
BRDA:149,21,1,0
BRDA:157,22,0,0
BRDA:157,22,1,0
BRDA:157,23,0,0
BRDA:157,23,1,0
BRF:48
BRH:9
end_of_record
TN:
SF:src/components/studio/chat-panel.tsx
FN:33,ChatPanel
FN:45,(anonymous_1)
FN:65,(anonymous_2)
FN:79,(anonymous_3)
FN:112,ChatEmptyState
FN:142,(anonymous_5)
FN:146,(anonymous_6)
FNF:7
FNH:0
FNDA:0,ChatPanel
FNDA:0,(anonymous_1)
FNDA:0,(anonymous_2)
FNDA:0,(anonymous_3)
FNDA:0,ChatEmptyState
FNDA:0,(anonymous_5)
FNDA:0,(anonymous_6)
DA:1,0
DA:16,0
DA:43,0
DA:45,0
DA:46,0
DA:47,0
DA:52,0
DA:66,0
DA:80,0
DA:81,0
DA:82,0
DA:113,0
DA:143,0
DA:146,0
LF:14
LH:0
BRDA:37,0,0,0
BRDA:46,1,0,0
BRDA:46,1,1,0
BRDA:61,2,0,0
BRDA:61,2,1,0
BRDA:80,3,0,0
BRDA:80,3,1,0
BRDA:80,4,0,0
BRDA:80,4,1,0
BRDA:92,5,0,0
BRDA:92,5,1,0
BRDA:95,6,0,0
BRDA:95,6,1,0
BRDA:98,7,0,0
BRDA:98,7,1,0
BRDA:137,8,0,0
BRDA:137,8,1,0
BRF:17
BRH:0
end_of_record
TN:
SF:src/components/studio/code-panel.tsx
FN:9,CodePanel
FN:10,(anonymous_1)
FN:25,(anonymous_2)
FN:31,(anonymous_3)
FN:51,formatHtml
FN:81,escapeHtml
FN:93,highlightHtmlLine
FN:97,(anonymous_7)
FN:101,(anonymous_8)
FN:106,(anonymous_9)
FNF:10
FNH:9
FNDA:3,CodePanel
FNDA:3,(anonymous_1)
FNDA:1,(anonymous_2)
FNDA:1,(anonymous_3)
FNDA:1,formatHtml
FNDA:1,escapeHtml
FNDA:1,highlightHtmlLine
FNDA:0,(anonymous_7)
FNDA:1,(anonymous_8)
FNDA:2,(anonymous_9)
DA:10,3
DA:12,3
DA:26,1
DA:32,1
DA:53,1
DA:58,1
DA:59,1
DA:60,1
DA:61,1
DA:62,1
DA:63,1
DA:64,1
DA:65,1
DA:67,1
DA:69,1
DA:70,1
DA:71,1
DA:72,1
DA:73,1
DA:77,1
DA:78,1
DA:82,1
DA:94,1
DA:95,1
DA:97,1
DA:98,0
DA:101,1
DA:102,1
DA:105,1
DA:108,2
DA:110,1
DA:112,1
DA:113,1
LF:33
LH:32
BRDA:10,0,0,1
BRDA:10,0,1,2
BRDA:20,1,0,1
BRDA:20,1,1,2
BRDA:32,2,0,1
BRDA:32,2,1,0
BRDA:63,3,0,0
BRDA:63,3,1,1
BRDA:64,4,0,0
BRDA:64,4,1,1
BRDA:67,5,0,1
BRDA:67,5,1,0
BRDA:67,6,0,1
BRDA:67,6,1,1
BRDA:67,6,2,1
BRDA:71,7,0,1
BRDA:71,7,1,0
BRDA:73,8,0,0
BRDA:73,8,1,1
BRDA:94,9,0,0
BRDA:94,9,1,1
BRF:21
BRH:14
end_of_record
TN:
SF:src/components/studio/ephemeral-status.tsx
FN:30,EphemeralStatus
FN:37,(anonymous_1)
FN:42,(anonymous_2)
FN:43,(anonymous_3)
FN:45,(anonymous_4)
FN:50,(anonymous_5)
FN:60,(anonymous_6)
FN:72,(anonymous_7)
FN:98,pickPhrase
FN:110,DotsTrail
FNF:10
FNH:0
FNDA:0,EphemeralStatus
FNDA:0,(anonymous_1)
FNDA:0,(anonymous_2)
FNDA:0,(anonymous_3)
FNDA:0,(anonymous_4)
FNDA:0,(anonymous_5)
FNDA:0,(anonymous_6)
FNDA:0,(anonymous_7)
FNDA:0,pickPhrase
FNDA:0,DotsTrail
DA:1,0
DA:15,0
DA:22,0
DA:31,0
DA:32,0
DA:33,0
DA:34,0
DA:37,0
DA:38,0
DA:39,0
DA:40,0
DA:42,0
DA:43,0
DA:45,0
DA:50,0
DA:51,0
DA:52,0
DA:53,0
DA:54,0
DA:56,0
DA:57,0
DA:59,0
DA:60,0
DA:61,0
DA:62,0
DA:65,0
DA:66,0
DA:67,0
DA:69,0
DA:72,0
DA:73,0
DA:77,0
DA:78,0
DA:80,0
DA:103,0
DA:104,0
DA:105,0
DA:106,0
DA:107,0
DA:111,0
LF:40
LH:0
BRDA:38,0,0,0
BRDA:38,0,1,0
BRDA:51,1,0,0
BRDA:51,1,1,0
BRDA:51,2,0,0
BRDA:51,2,1,0
BRDA:52,3,0,0
BRDA:52,3,1,0
BRDA:57,4,0,0
BRDA:57,4,1,0
BRDA:57,5,0,0
BRDA:57,5,1,0
BRDA:65,6,0,0
BRDA:65,6,1,0
BRDA:66,7,0,0
BRDA:66,7,1,0
BRDA:66,8,0,0
BRDA:66,8,1,0
BRDA:73,9,0,0
BRDA:73,9,1,0
BRDA:77,10,0,0
BRDA:77,10,1,0
BRDA:103,11,0,0
BRDA:103,11,1,0
BRDA:103,12,0,0
BRDA:103,12,1,0
BRDA:104,13,0,0
BRDA:104,13,1,0
BRDA:105,14,0,0
BRDA:105,14,1,0
BRDA:106,15,0,0
BRDA:106,15,1,0
BRF:32
BRH:0
end_of_record
TN:
SF:src/components/studio/preview-panel.tsx
FN:15,buildSrcDoc
FN:115,PreviewPanel
FN:149,PreviewEmptyState
FNF:3
FNH:3
FNDA:1,buildSrcDoc
FNDA:4,PreviewPanel
FNDA:3,PreviewEmptyState
DA:16,1
DA:116,4
DA:118,4
DA:150,3
LF:4
LH:4
BRDA:115,0,0,4
BRDA:115,1,0,4
BRDA:116,2,0,1
BRDA:116,2,1,3
BRDA:130,3,0,1
BRDA:130,3,1,3
BRDA:144,4,0,4
BRDA:144,4,1,0
BRF:8
BRH:7
end_of_record
TN:
SF:src/components/studio/studio-statusbar.tsx
FN:15,StudioStatusbar
FN:54,StatusBadge
FN:114,Divider
FNF:3
FNH:0
FNDA:0,StudioStatusbar
FNDA:0,StatusBadge
FNDA:0,Divider
DA:1,0
DA:22,0
DA:61,0
DA:62,0
DA:70,0
DA:71,0
DA:79,0
DA:80,0
DA:88,0
DA:89,0
DA:97,0
DA:98,0
DA:106,0
DA:115,0
LF:14
LH:0
BRDA:40,0,0,0
BRDA:40,0,1,0
BRDA:41,1,0,0
BRDA:41,1,1,0
BRDA:61,2,0,0
BRDA:61,2,1,0
BRDA:65,3,0,0
BRDA:65,3,1,0
BRDA:70,4,0,0
BRDA:70,4,1,0
BRDA:79,5,0,0
BRDA:79,5,1,0
BRDA:88,6,0,0
BRDA:88,6,1,0
BRDA:97,7,0,0
BRDA:97,7,1,0
BRF:16
BRH:0
end_of_record
TN:
SF:src/components/studio/studio-topbar.tsx
FN:15,StudioTopbar
FNF:1
FNH:1
FNDA:3,StudioTopbar
DA:20,3
LF:1
LH:1
BRDA:16,0,0,3
BRDA:17,1,0,3
BRDA:18,2,0,3
BRDA:35,3,0,0
BRDA:35,3,1,3
BRDA:37,4,0,0
BRDA:37,4,1,3
BRF:7
BRH:5
end_of_record
TN:
SF:src/components/studio/timeline-strip.tsx
FN:19,TimelineStrip
FN:29,(anonymous_1)
FN:46,(anonymous_2)
FN:56,(anonymous_3)
FN:62,(anonymous_4)
FNF:5
FNH:0
FNDA:0,TimelineStrip
FNDA:0,(anonymous_1)
FNDA:0,(anonymous_2)
FNDA:0,(anonymous_3)
FNDA:0,(anonymous_4)
DA:1,1
DA:11,1
DA:20,0
DA:23,0
DA:24,0
DA:25,0
DA:26,0
DA:27,0
DA:29,0
DA:32,0
DA:38,0
DA:47,0
DA:57,0
DA:63,0
DA:64,0
DA:65,0
DA:66,0
LF:17
LH:2
BRDA:20,0,0,0
BRDA:20,0,1,0
BRDA:20,1,0,0
BRDA:20,1,1,0
BRDA:25,2,0,0
BRDA:25,2,1,0
BRF:6
BRH:0
end_of_record
TN:
SF:src/harness/composition-store.ts
FN:23,(anonymous_0)
FN:30,(anonymous_1)
FN:35,pathFor
FN:39,hydrateFromDisk
FN:51,persistToDisk
FN:65,getComposition
FN:81,setComposition
FN:87,deleteComposition
FN:93,__resetCompositionStoreForTests
FNF:9
FNH:7
FNDA:12,(anonymous_0)
FNDA:14,(anonymous_1)
FNDA:9,pathFor
FNDA:5,hydrateFromDisk
FNDA:7,persistToDisk
FNDA:5,getComposition
FNDA:3,setComposition
FNDA:0,deleteComposition
FNDA:0,__resetCompositionStoreForTests
DA:22,5
DA:23,5
DA:24,12
DA:25,12
DA:26,9
DA:27,9
DA:30,14
DA:32,5
DA:33,5
DA:36,9
DA:40,5
DA:41,4
DA:42,4
DA:43,1
DA:44,1
DA:45,1
DA:47,0
DA:52,7
DA:53,5
DA:54,5
DA:59,5
DA:66,5
DA:67,5
DA:68,5
DA:69,5
DA:72,5
DA:73,5
DA:75,4
DA:76,4
DA:77,4
DA:78,4
DA:82,3
DA:83,3
DA:84,3
DA:88,0
DA:89,0
DA:94,0
DA:95,0
LF:38
LH:33
BRDA:25,0,0,3
BRDA:25,0,1,9
BRDA:25,1,0,12
BRDA:25,1,1,9
BRDA:26,2,0,0
BRDA:26,2,1,9
BRDA:30,3,0,14
BRDA:30,3,1,0
BRDA:40,4,0,1
BRDA:40,4,1,4
BRDA:42,5,0,3
BRDA:42,5,1,1
BRDA:52,6,0,2
BRDA:52,6,1,5
BRDA:66,7,0,5
BRDA:66,7,1,0
BRDA:68,8,0,1
BRDA:68,8,1,4
BRDA:73,9,0,1
BRDA:73,9,1,4
BRF:20
BRH:17
end_of_record
TN:
SF:src/harness/config.ts
FNF:0
FNH:0
DA:1,1
LF:1
LH:1
BRDA:2,0,0,1
BRDA:2,0,1,1
BRF:2
BRH:2
end_of_record
TN:
SF:src/harness/mode.ts
FN:9,createDirectorMode
FN:17,(anonymous_1)
FNF:2
FNH:0
FNDA:0,createDirectorMode
FNDA:0,(anonymous_1)
DA:10,0
DA:17,0
LF:2
LH:0
BRDA:18,0,0,0
BRDA:18,0,1,0
BRF:2
BRH:0
end_of_record
TN:
SF:src/harness/mutations.ts
FN:3,generateId
FN:12,createEmptyComposition
FN:23,addClip
FN:44,(anonymous_3)
FN:49,(anonymous_4)
FN:67,updateClip
FN:78,(anonymous_6)
FN:80,(anonymous_7)
FN:97,removeClip
FN:104,(anonymous_9)
FN:105,(anonymous_10)
FN:114,(anonymous_11)
FN:121,addTrack
FN:137,removeTrack
FN:141,(anonymous_14)
FN:146,(anonymous_15)
FNF:16
FNH:16
FNDA:13,generateId
FNDA:5,createEmptyComposition
FNDA:10,addClip
FNDA:2,(anonymous_3)
FNDA:2,(anonymous_4)
FNDA:4,updateClip
FNDA:3,(anonymous_6)
FNDA:3,(anonymous_7)
FNDA:3,removeClip
FNDA:2,(anonymous_9)
FNDA:3,(anonymous_10)
FNDA:2,(anonymous_11)
FNDA:1,addTrack
FNDA:2,removeTrack
FNDA:1,(anonymous_14)
FNDA:2,(anonymous_15)
DA:4,13
DA:5,13
DA:6,13
DA:7,104
DA:9,13
DA:13,5
DA:33,10
DA:34,9
DA:36,7
DA:44,7
DA:46,7
DA:47,2
DA:50,2
DA:55,5
DA:61,10
DA:76,4
DA:78,4
DA:81,3
DA:82,3
DA:83,3
DA:92,4
DA:94,3
DA:101,3
DA:103,3
DA:105,2
DA:106,3
DA:107,2
DA:108,2
DA:110,1
DA:112,2
DA:114,2
DA:116,3
DA:118,2
DA:125,1
DA:131,1
DA:141,2
DA:142,2
DA:144,1
DA:146,2
LF:39
LH:39
BRDA:33,0,0,1
BRDA:33,0,1,9
BRDA:34,1,0,2
BRDA:34,1,1,7
BRDA:46,2,0,2
BRDA:46,2,1,5
BRDA:50,3,0,2
BRDA:50,3,1,0
BRDA:57,4,0,5
BRDA:57,4,1,4
BRDA:81,5,0,0
BRDA:81,5,1,3
BRDA:85,6,0,3
BRDA:85,6,1,2
BRDA:86,7,0,3
BRDA:86,7,1,1
BRDA:87,8,0,3
BRDA:87,8,1,1
BRDA:92,9,0,1
BRDA:92,9,1,3
BRDA:106,10,0,2
BRDA:106,10,1,1
BRDA:116,11,0,1
BRDA:116,11,1,2
BRDA:142,12,0,1
BRDA:142,12,1,1
BRF:26
BRH:24
end_of_record
TN:
SF:src/harness/serialize.ts
FN:3,serialize
FN:4,(anonymous_1)
FN:5,(anonymous_2)
FNF:3
FNH:3
FNDA:7,serialize
FNDA:6,(anonymous_1)
FNDA:7,(anonymous_2)
DA:4,7
DA:5,6
DA:6,7
DA:7,7
DA:9,7
DA:19,7
LF:6
LH:6
BRF:0
BRH:0
end_of_record
TN:
SF:src/harness/state.ts
FN:18,createInitialState
FNF:1
FNH:0
FNDA:0,createInitialState
DA:3,0
DA:19,0
LF:2
LH:0
BRDA:18,0,0,0
BRF:1
BRH:0
end_of_record
TN:
SF:src/harness/storage.ts
FN:19,getDbUrl
FN:23,getDbAuthToken
FN:32,createHarnessStorage
FNF:3
FNH:0
FNDA:0,getDbUrl
FNDA:0,getDbAuthToken
FNDA:0,createHarnessStorage
DA:17,0
DA:20,0
DA:24,0
DA:25,0
DA:33,0
DA:34,0
DA:36,0
DA:37,0
DA:38,0
DA:39,0
DA:45,0
LF:11
LH:0
BRDA:20,0,0,0
BRDA:20,0,1,0
BRDA:25,1,0,0
BRDA:25,1,1,0
BRDA:36,2,0,0
BRDA:36,2,1,0
BRDA:48,3,0,0
BRDA:48,3,1,0
BRF:8
BRH:0
end_of_record
TN:
SF:src/harness/store.ts
FNF:0
FNH:0
LF:0
LH:0
BRF:0
BRH:0
end_of_record
TN:
SF:src/harness/types.ts
FNF:0
FNH:0
DA:3,1
DA:13,1
DA:16,1
DA:25,1
DA:32,1
DA:42,1
LF:6
LH:6
BRF:0
BRH:0
end_of_record
TN:
SF:src/harness/use-composition.ts
FN:24,parseClips
FN:32,(anonymous_1)
FN:61,useComposition
FN:62,(anonymous_3)
FN:87,(anonymous_4)
FNF:5
FNH:0
FNDA:0,parseClips
FNDA:0,(anonymous_1)
FNDA:0,useComposition
FNDA:0,(anonymous_3)
FNDA:0,(anonymous_4)
DA:1,0
DA:22,0
DA:26,0
DA:28,0
DA:29,0
DA:30,0
DA:31,0
DA:32,0
DA:33,0
DA:34,0
DA:35,0
DA:36,0
DA:37,0
DA:38,0
DA:39,0
DA:41,0
DA:48,0
DA:49,0
DA:50,0
DA:58,0
DA:62,0
DA:63,0
DA:64,0
DA:65,0
DA:67,0
DA:68,0
DA:70,0
DA:71,0
DA:73,0
DA:74,0
DA:75,0
DA:77,0
DA:78,0
DA:80,0
DA:81,0
DA:86,0
DA:87,0
DA:89,0
LF:38
LH:0
BRDA:28,0,0,0
BRDA:28,0,1,0
BRDA:34,1,0,0
BRDA:34,1,1,0
BRDA:35,2,0,0
BRDA:35,2,1,0
BRDA:36,3,0,0
BRDA:36,3,1,0
BRDA:37,4,0,0
BRDA:37,4,1,0
BRDA:38,5,0,0
BRDA:38,5,1,0
BRDA:39,6,0,0
BRDA:39,6,1,0
BRDA:68,7,0,0
BRDA:68,7,1,0
BRDA:68,8,0,0
BRDA:68,8,1,0
BRDA:71,9,0,0
BRDA:71,9,1,0
BRDA:71,10,0,0
BRDA:71,10,1,0
BRDA:74,11,0,0
BRDA:74,11,1,0
BRDA:77,12,0,0
BRDA:77,12,1,0
BRDA:80,13,0,0
BRDA:80,13,1,0
BRDA:86,14,0,0
BRDA:86,14,1,0
BRF:30
BRH:0
end_of_record
TN:
SF:src/harness/use-harness-chat.ts
FN:21,useHarnessChat
FN:29,(anonymous_1)
FN:33,(anonymous_2)
FN:35,(anonymous_3)
FN:35,(anonymous_4)
FN:41,(anonymous_5)
FN:51,(anonymous_6)
FN:59,(anonymous_7)
FN:113,(anonymous_8)
FN:123,(anonymous_9)
FN:124,(anonymous_10)
FN:127,(anonymous_11)
FN:139,(anonymous_12)
FN:155,(anonymous_13)
FN:157,(anonymous_14)
FNF:15
FNH:0
FNDA:0,useHarnessChat
FNDA:0,(anonymous_1)
FNDA:0,(anonymous_2)
FNDA:0,(anonymous_3)
FNDA:0,(anonymous_4)
FNDA:0,(anonymous_5)
FNDA:0,(anonymous_6)
FNDA:0,(anonymous_7)
FNDA:0,(anonymous_8)
FNDA:0,(anonymous_9)
FNDA:0,(anonymous_10)
FNDA:0,(anonymous_11)
FNDA:0,(anonymous_12)
FNDA:0,(anonymous_13)
FNDA:0,(anonymous_14)
DA:22,0
DA:23,0
DA:24,0
DA:25,0
DA:26,0
DA:27,0
DA:29,0
DA:30,0
DA:33,0
DA:35,0
DA:40,0
DA:42,0
DA:43,0
DA:45,0
DA:51,0
DA:52,0
DA:53,0
DA:54,0
DA:55,0
DA:56,0
DA:58,0
DA:59,0
DA:62,0
DA:64,0
DA:65,0
DA:71,0
DA:73,0
DA:74,0
DA:75,0
DA:77,0
DA:78,0
DA:79,0
DA:81,0
DA:82,0
DA:83,0
DA:85,0
DA:86,0
DA:87,0
DA:88,0
DA:91,0
DA:92,0
DA:94,0
DA:97,0
DA:99,0
DA:101,0
DA:102,0
DA:106,0
DA:107,0
DA:110,0
DA:111,0
DA:112,0
DA:113,0
DA:115,0
DA:120,0
DA:121,0
DA:122,0
DA:123,0
DA:124,0
DA:126,0
DA:127,0
DA:129,0
DA:133,0
DA:134,0
DA:135,0
DA:136,0
DA:137,0
DA:138,0
DA:139,0
DA:146,0
DA:150,0
DA:151,0
DA:152,0
DA:153,0
DA:154,0
DA:155,0
DA:158,0
DA:163,0
DA:164,0
DA:165,0
DA:169,0
DA:170,0
DA:174,0
DA:175,0
DA:176,0
DA:181,0
DA:182,0
DA:184,0
DA:190,0
LF:88
LH:0
BRDA:35,0,0,0
BRDA:35,0,1,0
BRDA:43,1,0,0
BRDA:43,1,1,0
BRDA:43,2,0,0
BRDA:43,2,1,0
BRDA:71,3,0,0
BRDA:71,3,1,0
BRDA:71,4,0,0
BRDA:71,4,1,0
BRDA:79,5,0,0
BRDA:79,5,1,0
BRDA:83,6,0,0
BRDA:83,6,1,0
BRDA:86,7,0,0
BRDA:86,7,1,0
BRDA:86,8,0,0
BRDA:86,8,1,0
BRDA:88,9,0,0
BRDA:88,9,1,0
BRDA:99,10,0,0
BRDA:99,10,1,0
BRDA:99,10,2,0
BRDA:99,10,3,0
BRDA:99,10,4,0
BRDA:99,10,5,0
BRDA:99,10,6,0
BRDA:99,10,7,0
BRDA:99,10,8,0
BRDA:99,10,9,0
BRDA:99,10,10,0
BRDA:110,11,0,0
BRDA:110,11,1,0
BRDA:110,11,2,0
BRDA:111,12,0,0
BRDA:111,12,1,0
BRDA:121,13,0,0
BRDA:121,13,1,0
BRDA:123,14,0,0
BRDA:123,14,1,0
BRDA:126,15,0,0
BRDA:126,15,1,0
BRDA:135,16,0,0
BRDA:135,16,1,0
BRDA:142,17,0,0
BRDA:142,17,1,0
BRDA:154,18,0,0
BRDA:154,18,1,0
BRDA:157,19,0,0
BRDA:157,19,1,0
BRDA:158,20,0,0
BRDA:158,20,1,0
BRDA:159,21,0,0
BRDA:159,21,1,0
BRDA:175,22,0,0
BRDA:175,22,1,0
BRDA:181,23,0,0
BRDA:181,23,1,0
BRF:58
BRH:0
end_of_record
TN:
SF:src/harness/prompts/composer.ts
FN:1,buildDirectorPrompt
FNF:1
FNH:0
FNDA:0,buildDirectorPrompt
DA:2,0
LF:1
LH:0
BRF:0
BRH:0
end_of_record
TN:
SF:src/harness/services/clip-registry.service.ts
FN:24,createClipRegistryService
FN:26,(anonymous_1)
FNF:2
FNH:0
FNDA:0,createClipRegistryService
FNDA:0,(anonymous_1)
DA:3,0
DA:25,0
DA:26,0
LF:3
LH:0
BRF:0
BRH:0
end_of_record
TN:
SF:src/harness/services/types.ts
FNF:0
FNH:0
LF:0
LH:0
BRF:0
BRH:0
end_of_record
TN:
SF:src/harness/tools/add-clip.ts
FN:7,createAddClipTool
FN:20,(anonymous_1)
FN:26,(anonymous_2)
FN:28,(anonymous_3)
FN:39,(anonymous_4)
FN:40,(anonymous_5)
FN:40,(anonymous_6)
FN:40,(anonymous_7)
FN:52,(anonymous_8)
FNF:9
FNH:0
FNDA:0,createAddClipTool
FNDA:0,(anonymous_1)
FNDA:0,(anonymous_2)
FNDA:0,(anonymous_3)
FNDA:0,(anonymous_4)
FNDA:0,(anonymous_5)
FNDA:0,(anonymous_6)
FNDA:0,(anonymous_7)
FNDA:0,(anonymous_8)
DA:8,0
DA:21,0
DA:26,0
DA:27,0
DA:28,0
DA:30,0
DA:32,0
DA:33,0
DA:35,0
DA:36,0
DA:38,0
DA:39,0
DA:40,0
DA:42,0
DA:52,0
LF:15
LH:0
BRDA:27,0,0,0
BRDA:27,0,1,0
BRDA:32,1,0,0
BRDA:32,1,1,0
BRDA:32,2,0,0
BRDA:32,2,1,0
BRDA:43,3,0,0
BRDA:43,3,1,0
BRDA:47,4,0,0
BRDA:47,4,1,0
BRF:10
BRH:0
end_of_record
TN:
SF:src/harness/tools/get-block-schemas.ts
FN:5,createGetBlockSchemasTool
FN:10,(anonymous_1)
FNF:2
FNH:0
FNDA:0,createGetBlockSchemasTool
FNDA:0,(anonymous_1)
DA:6,0
DA:11,0
DA:12,0
LF:3
LH:0
BRF:0
BRH:0
end_of_record
TN:
SF:src/harness/tools/get-composition.ts
FN:6,createGetCompositionTool
FN:14,(anonymous_1)
FN:21,(anonymous_2)
FN:22,(anonymous_3)
FN:23,(anonymous_4)
FN:31,(anonymous_5)
FN:39,(anonymous_6)
FN:41,(anonymous_7)
FNF:8
FNH:0
FNDA:0,createGetCompositionTool
FNDA:0,(anonymous_1)
FNDA:0,(anonymous_2)
FNDA:0,(anonymous_3)
FNDA:0,(anonymous_4)
FNDA:0,(anonymous_5)
FNDA:0,(anonymous_6)
FNDA:0,(anonymous_7)
DA:7,0
DA:15,0
DA:17,0
DA:21,0
DA:23,0
DA:24,0
DA:27,0
DA:31,0
DA:41,0
LF:9
LH:0
BRF:0
BRH:0
end_of_record
TN:
SF:src/harness/tools/remove-clip.ts
FN:7,createRemoveClipTool
FN:15,(anonymous_1)
FN:24,(anonymous_2)
FNF:3
FNH:0
FNDA:0,createRemoveClipTool
FNDA:0,(anonymous_1)
FNDA:0,(anonymous_2)
DA:8,0
DA:16,0
DA:17,0
DA:18,0
DA:20,0
DA:24,0
LF:6
LH:0
BRF:0
BRH:0
end_of_record
TN:
SF:src/harness/tools/update-clip.ts
FN:7,createUpdateClipTool
FN:19,(anonymous_1)
FNF:2
FNH:0
FNDA:0,createUpdateClipTool
FNDA:0,(anonymous_1)
DA:8,0
DA:20,0
DA:21,0
DA:22,0
DA:24,0
LF:5
LH:0
BRF:0
BRH:0
end_of_record
TN:
SF:src/lib/tool-labels.ts
FN:25,titleCase
FN:28,(anonymous_1)
FN:32,toolVerb
FN:36,toolNoun
FNF:4
FNH:0
FNDA:0,titleCase
FNDA:0,(anonymous_1)
FNDA:0,toolVerb
FNDA:0,toolNoun
DA:16,1
DA:26,0
DA:28,0
DA:33,0
DA:37,0
LF:5
LH:1
BRDA:33,0,0,0
BRDA:33,0,1,0
BRDA:37,1,0,0
BRDA:37,1,1,0
BRF:4
BRH:0
end_of_record
TN:
SF:src/lib/utils.ts
FN:4,cn
FNF:1
FNH:1
FNDA:84,cn
DA:5,84
LF:1
LH:1
BRF:0
BRH:0
end_of_record
TN:
SF:src/protocol/events.ts
FNF:0
FNH:0
LF:0
LH:0
BRF:0
BRH:0
end_of_record
TN:
SF:src/protocol/sse-writer.ts
FN:3,createSSEStream
FN:6,(anonymous_1)
FN:11,(anonymous_2)
FN:22,(anonymous_3)
FN:28,(anonymous_4)
FNF:5
FNH:0
FNDA:0,createSSEStream
FNDA:0,(anonymous_1)
FNDA:0,(anonymous_2)
FNDA:0,(anonymous_3)
FNDA:0,(anonymous_4)
DA:5,0
DA:7,0
DA:11,0
DA:12,0
DA:13,0
DA:14,0
DA:15,0
DA:16,0
DA:22,0
DA:23,0
DA:24,0
DA:28,0
DA:29,0
DA:30,0
DA:34,0
LF:15
LH:0
BRF:0
BRH:0
end_of_record
